[29-Jan-2025 11:02:06 UTC] Automatic updates starting...
[29-Jan-2025 11:02:06 UTC]   Automatic plugin updates starting...
[29-Jan-2025 11:02:06 UTC]   Automatic plugin updates complete.
[29-Jan-2025 11:02:06 UTC]   Automatic theme updates starting...
[29-Jan-2025 11:02:06 UTC]   Automatic theme updates complete.
[29-Jan-2025 11:02:06 UTC] Automatic updates complete.
[29-Jan-2025 13:14:14 UTC] Automatic updates starting...
[29-Jan-2025 13:14:15 UTC]   Automatic plugin updates starting...
[29-Jan-2025 13:14:15 UTC]   Automatic plugin updates complete.
[29-Jan-2025 13:14:15 UTC]   Automatic theme updates starting...
[29-Jan-2025 13:14:15 UTC]   Automatic theme updates complete.
[29-Jan-2025 13:14:15 UTC] Automatic updates complete.
[31-Jan-2025 20:33:53 UTC] Automatic updates starting...
[31-Jan-2025 20:33:54 UTC]   Automatic plugin updates starting...
[31-Jan-2025 20:33:54 UTC]   Automatic plugin updates complete.
[31-Jan-2025 20:33:54 UTC]   Automatic theme updates starting...
[31-Jan-2025 20:33:54 UTC]   Automatic theme updates complete.
[31-Jan-2025 20:33:54 UTC] Automatic updates complete.
[04-Feb-2025 09:59:54 UTC] Automatic updates starting...
[04-Feb-2025 09:59:54 UTC]   Automatic plugin updates starting...
[04-Feb-2025 09:59:54 UTC]   Automatic plugin updates complete.
[04-Feb-2025 09:59:54 UTC]   Automatic theme updates starting...
[04-Feb-2025 09:59:54 UTC]   Automatic theme updates complete.
[04-Feb-2025 09:59:54 UTC] Automatic updates complete.
[04-Feb-2025 14:40:44 UTC] Automatic updates starting...
[04-Feb-2025 14:40:44 UTC]   Automatic plugin updates starting...
[04-Feb-2025 14:40:44 UTC]   Automatic plugin updates complete.
[04-Feb-2025 14:40:44 UTC]   Automatic theme updates starting...
[04-Feb-2025 14:40:44 UTC]   Automatic theme updates complete.
[04-Feb-2025 14:40:44 UTC] Automatic updates complete.
[06-Feb-2025 12:09:10 UTC] Automatic updates starting...
[06-Feb-2025 12:09:11 UTC]   Automatic plugin updates starting...
[06-Feb-2025 12:09:11 UTC]   Automatic plugin updates complete.
[06-Feb-2025 12:09:11 UTC]   Automatic theme updates starting...
[06-Feb-2025 12:09:11 UTC]   Automatic theme updates complete.
[06-Feb-2025 12:09:11 UTC] Automatic updates complete.
[06-Feb-2025 14:20:06 UTC] PHP Fatal error:  Uncaught DivisionByZeroError: Division by zero in /Applications/XAMPP/xamppfiles/htdocs/mcsr-hub/public_html/mcsr-hub/wp-content/plugins/custom-mcsr-shop/custom-mcsr-shop.php:529
Stack trace:
#0 /Applications/XAMPP/xamppfiles/htdocs/mcsr-hub/public_html/mcsr-hub/wp-includes/rest-api/class-wp-rest-server.php(1292): get_produkti_items_api(Object(WP_REST_Request))
#1 /Applications/XAMPP/xamppfiles/htdocs/mcsr-hub/public_html/mcsr-hub/wp-includes/rest-api/class-wp-rest-server.php(1125): WP_REST_Server->respond_to_request(Object(WP_REST_Request), '/custom-mcsr-sh...', Array, NULL)
#2 /Applications/XAMPP/xamppfiles/htdocs/mcsr-hub/public_html/mcsr-hub/wp-includes/rest-api/class-wp-rest-server.php(439): WP_REST_Server->dispatch(Object(WP_REST_Request))
#3 /Applications/XAMPP/xamppfiles/htdocs/mcsr-hub/public_html/mcsr-hub/wp-includes/rest-api.php(449): WP_REST_Server->serve_request('/custom-mcsr-sh...')
#4 /Applications/XAMPP/xamppfiles/htdocs/mcsr-hub/public_html/mcsr-hub/wp-includes/class-wp-hook.php(324): rest_api_loaded(Object(WP))
#5 /Applications/XAMPP/xamppfiles/htdocs/mcsr-hub/public_html/mcsr-hub/wp-includes/class-wp-hook.php(348): WP_Hook->apply_filters('', Array)
#6 /Applications/XAMPP/xamppfiles/htdocs/mcsr-hub/public_html/mcsr-hub/wp-includes/plugin.php(565): WP_Hook->do_action(Array)
#7 /Applications/XAMPP/xamppfiles/htdocs/mcsr-hub/public_html/mcsr-hub/wp-includes/class-wp.php(418): do_action_ref_array('parse_request', Array)
#8 /Applications/XAMPP/xamppfiles/htdocs/mcsr-hub/public_html/mcsr-hub/wp-includes/class-wp.php(813): WP->parse_request('')
#9 /Applications/XAMPP/xamppfiles/htdocs/mcsr-hub/public_html/mcsr-hub/wp-includes/functions.php(1336): WP->main('')
#10 /Applications/XAMPP/xamppfiles/htdocs/mcsr-hub/public_html/mcsr-hub/wp-blog-header.php(16): wp()
#11 /Applications/XAMPP/xamppfiles/htdocs/mcsr-hub/public_html/mcsr-hub/index.php(17): require('/Applications/X...')
#12 {main}
  thrown in /Applications/XAMPP/xamppfiles/htdocs/mcsr-hub/public_html/mcsr-hub/wp-content/plugins/custom-mcsr-shop/custom-mcsr-shop.php on line 529
[07-Feb-2025 14:21:25 UTC] Automatic updates starting...
[07-Feb-2025 14:21:25 UTC]   Automatic plugin updates starting...
[07-Feb-2025 14:21:25 UTC]   Automatic plugin updates complete.
[07-Feb-2025 14:21:25 UTC]   Automatic theme updates starting...
[07-Feb-2025 14:21:25 UTC]   Automatic theme updates complete.
[07-Feb-2025 14:21:25 UTC] Automatic updates complete.
[11-Feb-2025 13:02:25 UTC] Automatic updates starting...
[11-Feb-2025 13:02:25 UTC]   Automatic plugin updates starting...
[11-Feb-2025 13:02:25 UTC]   Automatic plugin updates complete.
[11-Feb-2025 13:02:25 UTC]   Automatic theme updates starting...
[11-Feb-2025 13:02:25 UTC]   Automatic theme updates complete.
[11-Feb-2025 13:02:25 UTC] Automatic updates complete.
[12-Feb-2025 10:22:59 UTC] Automatic updates starting...
[12-Feb-2025 10:23:02 UTC]   Automatic plugin updates starting...
[12-Feb-2025 10:23:02 UTC]   Automatic plugin updates complete.
[12-Feb-2025 10:23:02 UTC]   Automatic theme updates starting...
[12-Feb-2025 10:23:02 UTC]   Automatic theme updates complete.
[12-Feb-2025 10:23:02 UTC] Automatic updates complete.
[12-Feb-2025 13:04:03 UTC] Automatic updates starting...
[12-Feb-2025 13:04:04 UTC]   Automatic plugin updates starting...
[12-Feb-2025 13:04:04 UTC]   Automatic plugin updates complete.
[12-Feb-2025 13:04:04 UTC]   Automatic theme updates starting...
[12-Feb-2025 13:04:04 UTC]   Automatic theme updates complete.
[12-Feb-2025 13:04:04 UTC] Automatic updates complete.
[13-Feb-2025 13:23:31 UTC] Automatic updates starting...
[13-Feb-2025 13:23:31 UTC]   Automatic plugin updates starting...
[13-Feb-2025 13:23:31 UTC]   Automatic plugin updates complete.
[13-Feb-2025 13:23:31 UTC]   Automatic theme updates starting...
[13-Feb-2025 13:23:31 UTC]   Automatic theme updates complete.
[13-Feb-2025 13:23:31 UTC] Automatic updates complete.
[15-Feb-2025 18:36:58 UTC] Automatic updates starting...
[15-Feb-2025 18:36:59 UTC]   Automatic plugin updates starting...
[15-Feb-2025 18:36:59 UTC]   Automatic plugin updates complete.
[15-Feb-2025 18:36:59 UTC]   Automatic theme updates starting...
[15-Feb-2025 18:36:59 UTC]   Automatic theme updates complete.
[15-Feb-2025 18:36:59 UTC] Automatic updates complete.
[17-Feb-2025 10:19:27 UTC] Automatic updates starting...
[17-Feb-2025 10:19:27 UTC]   Automatic plugin updates starting...
[17-Feb-2025 10:19:27 UTC]   Automatic plugin updates complete.
[17-Feb-2025 10:19:27 UTC]   Automatic theme updates starting...
[17-Feb-2025 10:19:27 UTC]   Automatic theme updates complete.
[17-Feb-2025 10:19:27 UTC] Automatic updates complete.
[17-Feb-2025 14:18:32 UTC] Automatic updates starting...
[17-Feb-2025 14:18:32 UTC]   Automatic plugin updates starting...
[17-Feb-2025 14:18:32 UTC]   Automatic plugin updates complete.
[17-Feb-2025 14:18:32 UTC]   Automatic theme updates starting...
[17-Feb-2025 14:18:32 UTC]   Automatic theme updates complete.
[17-Feb-2025 14:18:32 UTC] Automatic updates complete.
[17-Feb-2025 15:26:04 UTC] PHP Warning:  Undefined array key "crop_position" in /Applications/XAMPP/xamppfiles/htdocs/mcsr-hub.rs/public_html/mcsr-hub/wp-content/plugins/ml-slider/inc/slide/metaslide.image.class.php on line 1029
[17-Feb-2025 15:26:04 UTC] PHP Warning:  Undefined array key "crop_position" in /Applications/XAMPP/xamppfiles/htdocs/mcsr-hub.rs/public_html/mcsr-hub/wp-content/plugins/ml-slider/inc/slide/metaslide.image.class.php on line 1029
[17-Feb-2025 15:26:04 UTC] PHP Warning:  Undefined array key "crop_position" in /Applications/XAMPP/xamppfiles/htdocs/mcsr-hub.rs/public_html/mcsr-hub/wp-content/plugins/ml-slider/inc/slide/metaslide.image.class.php on line 1029
[17-Feb-2025 15:26:04 UTC] PHP Warning:  Undefined array key "crop_position" in /Applications/XAMPP/xamppfiles/htdocs/mcsr-hub.rs/public_html/mcsr-hub/wp-content/plugins/ml-slider/inc/slide/metaslide.image.class.php on line 1029
[17-Feb-2025 15:26:04 UTC] PHP Warning:  Undefined array key "crop_position" in /Applications/XAMPP/xamppfiles/htdocs/mcsr-hub.rs/public_html/mcsr-hub/wp-content/plugins/ml-slider/inc/slide/metaslide.image.class.php on line 1029
[17-Feb-2025 15:26:27 UTC] PHP Warning:  Undefined array key "crop_position" in /Applications/XAMPP/xamppfiles/htdocs/mcsr-hub.rs/public_html/mcsr-hub/wp-content/plugins/ml-slider/inc/slide/metaslide.image.class.php on line 1029
[17-Feb-2025 15:26:27 UTC] PHP Warning:  Undefined array key "crop_position" in /Applications/XAMPP/xamppfiles/htdocs/mcsr-hub.rs/public_html/mcsr-hub/wp-content/plugins/ml-slider/inc/slide/metaslide.image.class.php on line 1029
[17-Feb-2025 15:26:27 UTC] PHP Warning:  Undefined array key "crop_position" in /Applications/XAMPP/xamppfiles/htdocs/mcsr-hub.rs/public_html/mcsr-hub/wp-content/plugins/ml-slider/inc/slide/metaslide.image.class.php on line 1029
[17-Feb-2025 15:26:27 UTC] PHP Warning:  Undefined array key "crop_position" in /Applications/XAMPP/xamppfiles/htdocs/mcsr-hub.rs/public_html/mcsr-hub/wp-content/plugins/ml-slider/inc/slide/metaslide.image.class.php on line 1029
[17-Feb-2025 15:26:27 UTC] PHP Warning:  Undefined array key "crop_position" in /Applications/XAMPP/xamppfiles/htdocs/mcsr-hub.rs/public_html/mcsr-hub/wp-content/plugins/ml-slider/inc/slide/metaslide.image.class.php on line 1029
[17-Feb-2025 15:27:30 UTC] PHP Warning:  Undefined array key "crop_position" in /Applications/XAMPP/xamppfiles/htdocs/mcsr-hub.rs/public_html/mcsr-hub/wp-content/plugins/ml-slider/inc/slide/metaslide.image.class.php on line 1029
[17-Feb-2025 15:27:30 UTC] PHP Warning:  Undefined array key "crop_position" in /Applications/XAMPP/xamppfiles/htdocs/mcsr-hub.rs/public_html/mcsr-hub/wp-content/plugins/ml-slider/inc/slide/metaslide.image.class.php on line 1029
[17-Feb-2025 15:27:30 UTC] PHP Warning:  Undefined array key "crop_position" in /Applications/XAMPP/xamppfiles/htdocs/mcsr-hub.rs/public_html/mcsr-hub/wp-content/plugins/ml-slider/inc/slide/metaslide.image.class.php on line 1029
[17-Feb-2025 15:27:30 UTC] PHP Warning:  Undefined array key "crop_position" in /Applications/XAMPP/xamppfiles/htdocs/mcsr-hub.rs/public_html/mcsr-hub/wp-content/plugins/ml-slider/inc/slide/metaslide.image.class.php on line 1029
[17-Feb-2025 15:27:50 UTC] PHP Warning:  Undefined array key "crop_position" in /Applications/XAMPP/xamppfiles/htdocs/mcsr-hub.rs/public_html/mcsr-hub/wp-content/plugins/ml-slider/inc/slide/metaslide.image.class.php on line 1029
[17-Feb-2025 15:27:50 UTC] PHP Warning:  Undefined array key "crop_position" in /Applications/XAMPP/xamppfiles/htdocs/mcsr-hub.rs/public_html/mcsr-hub/wp-content/plugins/ml-slider/inc/slide/metaslide.image.class.php on line 1029
[17-Feb-2025 15:27:50 UTC] PHP Warning:  Undefined array key "crop_position" in /Applications/XAMPP/xamppfiles/htdocs/mcsr-hub.rs/public_html/mcsr-hub/wp-content/plugins/ml-slider/inc/slide/metaslide.image.class.php on line 1029
[17-Feb-2025 15:27:50 UTC] PHP Warning:  Undefined array key "crop_position" in /Applications/XAMPP/xamppfiles/htdocs/mcsr-hub.rs/public_html/mcsr-hub/wp-content/plugins/ml-slider/inc/slide/metaslide.image.class.php on line 1029
[17-Feb-2025 15:29:10 UTC] PHP Warning:  Undefined array key "crop_position" in /Applications/XAMPP/xamppfiles/htdocs/mcsr-hub.rs/public_html/mcsr-hub/wp-content/plugins/ml-slider/inc/slide/metaslide.image.class.php on line 1029
[17-Feb-2025 15:29:10 UTC] PHP Warning:  Undefined array key "crop_position" in /Applications/XAMPP/xamppfiles/htdocs/mcsr-hub.rs/public_html/mcsr-hub/wp-content/plugins/ml-slider/inc/slide/metaslide.image.class.php on line 1029
[17-Feb-2025 15:29:10 UTC] PHP Warning:  Undefined array key "crop_position" in /Applications/XAMPP/xamppfiles/htdocs/mcsr-hub.rs/public_html/mcsr-hub/wp-content/plugins/ml-slider/inc/slide/metaslide.image.class.php on line 1029
[17-Feb-2025 15:29:19 UTC] PHP Warning:  Undefined array key "crop_position" in /Applications/XAMPP/xamppfiles/htdocs/mcsr-hub.rs/public_html/mcsr-hub/wp-content/plugins/ml-slider/inc/slide/metaslide.image.class.php on line 1029
[17-Feb-2025 15:29:19 UTC] PHP Warning:  Undefined array key "crop_position" in /Applications/XAMPP/xamppfiles/htdocs/mcsr-hub.rs/public_html/mcsr-hub/wp-content/plugins/ml-slider/inc/slide/metaslide.image.class.php on line 1029
[17-Feb-2025 15:29:19 UTC] PHP Warning:  Undefined array key "crop_position" in /Applications/XAMPP/xamppfiles/htdocs/mcsr-hub.rs/public_html/mcsr-hub/wp-content/plugins/ml-slider/inc/slide/metaslide.image.class.php on line 1029
[18-Feb-2025 13:49:45 UTC] Automatic updates starting...
[18-Feb-2025 13:49:46 UTC]   Automatic plugin updates starting...
[18-Feb-2025 13:49:46 UTC]   Automatic plugin updates complete.
[18-Feb-2025 13:49:46 UTC]   Automatic theme updates starting...
[18-Feb-2025 13:49:46 UTC]   Automatic theme updates complete.
[18-Feb-2025 13:49:46 UTC] Automatic updates complete.
[18-Feb-2025 19:13:31 UTC] PHP Fatal error:  Unparenthesized `a ? b : c ? d : e` is not supported. Use either `(a ? b : c) ? d : e` or `a ? b : (c ? d : e)` in /Applications/XAMPP/xamppfiles/htdocs/mcsr-hub.rs/public_html/mcsr-hub/wp-content/plugins/custom-mcsr-shop/custom-mcsr-shop.php on line 99
[18-Feb-2025 19:13:32 UTC] PHP Fatal error:  Unparenthesized `a ? b : c ? d : e` is not supported. Use either `(a ? b : c) ? d : e` or `a ? b : (c ? d : e)` in /Applications/XAMPP/xamppfiles/htdocs/mcsr-hub.rs/public_html/mcsr-hub/wp-content/plugins/custom-mcsr-shop/custom-mcsr-shop.php on line 99
[18-Feb-2025 19:13:33 UTC] PHP Fatal error:  Unparenthesized `a ? b : c ? d : e` is not supported. Use either `(a ? b : c) ? d : e` or `a ? b : (c ? d : e)` in /Applications/XAMPP/xamppfiles/htdocs/mcsr-hub.rs/public_html/mcsr-hub/wp-content/plugins/custom-mcsr-shop/custom-mcsr-shop.php on line 99
[19-Feb-2025 15:36:40 UTC] Automatic updates starting...
[19-Feb-2025 15:36:41 UTC]   Automatic plugin updates starting...
[19-Feb-2025 15:36:41 UTC]     Upgrading plugin 'jetpack'...
[19-Feb-2025 15:37:13 UTC]     Plugin 'jetpack' has been upgraded.
[19-Feb-2025 15:37:15 UTC]     Scraping home page...
[19-Feb-2025 15:37:16 UTC] '###### wp_scraping_result_start:3a7c5486445dcdc9e5a6d2b4a0a03a74 ######
true
###### wp_scraping_result_end:3a7c5486445dcdc9e5a6d2b4a0a03a74 ######
'
[19-Feb-2025 15:37:16 UTC]     The update for 'jetpack' has no fatal errors.
[19-Feb-2025 15:37:16 UTC]     Upgrading plugin 'loginizer'...
[19-Feb-2025 15:37:18 UTC]     Plugin 'loginizer' has been upgraded.
[19-Feb-2025 15:37:18 UTC]     'loginizer/loginizer.php' is inactive and will not be checked for fatal errors.
[19-Feb-2025 15:37:18 UTC]     Upgrading plugin 'ml-slider'...
[19-Feb-2025 15:37:31 UTC]     Plugin 'ml-slider' has been upgraded.
[19-Feb-2025 15:37:33 UTC]     Scraping home page...
[19-Feb-2025 15:37:34 UTC] '###### wp_scraping_result_start:a524e4d705e9f29b29f30fcb935293a6 ######
true
###### wp_scraping_result_end:a524e4d705e9f29b29f30fcb935293a6 ######
'
[19-Feb-2025 15:37:34 UTC]     The update for 'ml-slider' has no fatal errors.
[19-Feb-2025 15:37:34 UTC]   Automatic plugin updates complete.
[19-Feb-2025 15:37:34 UTC]   Automatic theme updates starting...
[19-Feb-2025 15:37:34 UTC]   Automatic theme updates complete.
[19-Feb-2025 15:37:34 UTC] Automatic updates complete.
